                              1 ;--------------------------------------------------------
                              2 ; File Created by SDCC : free open source ANSI-C Compiler
                              3 ; Version 3.6.8 #9946 (Linux)
                              4 ;--------------------------------------------------------
                              5 	.module main
                              6 	.optsdcc -mz80
                              7 	
                              8 ;--------------------------------------------------------
                              9 ; Public variables in this module
                             10 ;--------------------------------------------------------
                             11 	.globl _main
                             12 	.globl _printf
                             13 ;--------------------------------------------------------
                             14 ; special function registers
                             15 ;--------------------------------------------------------
                             16 ;--------------------------------------------------------
                             17 ; ram data
                             18 ;--------------------------------------------------------
                             19 	.area _DATA
                             20 ;--------------------------------------------------------
                             21 ; ram data
                             22 ;--------------------------------------------------------
                             23 	.area _INITIALIZED
                             24 ;--------------------------------------------------------
                             25 ; absolute external ram data
                             26 ;--------------------------------------------------------
                             27 	.area _DABS (ABS)
                             28 ;--------------------------------------------------------
                             29 ; global & static initialisations
                             30 ;--------------------------------------------------------
                             31 	.area _HOME
                             32 	.area _GSINIT
                             33 	.area _GSFINAL
                             34 	.area _GSINIT
                             35 ;--------------------------------------------------------
                             36 ; Home
                             37 ;--------------------------------------------------------
                             38 	.area _HOME
                             39 	.area _HOME
                             40 ;--------------------------------------------------------
                             41 ; code
                             42 ;--------------------------------------------------------
                             43 	.area _CODE
                             44 ;src/main.c:9: void main(void) {
                             45 ;	---------------------------------
                             46 ; Function main
                             47 ; ---------------------------------
   0000                      48 _main::
   0000 DD E5         [15]   49 	push	ix
   0002 F5            [11]   50 	push	af
                             51 ;src/main.c:12: printf("RPG GAME\r\n");
   0003 21r58r00      [10]   52 	ld	hl, #___str_0
   0006 E5            [11]   53 	push	hl
   0007 CDr00r00      [17]   54 	call	_printf
                             55 ;src/main.c:13: printf("\r\n");
   000A 21r63r00      [10]   56 	ld	hl, #___str_1
   000D E3            [19]   57 	ex	(sp),hl
   000E CDr00r00      [17]   58 	call	_printf
                             59 ;src/main.c:14: printf("PRESS ENTER TO START \r\n");
   0011 21r66r00      [10]   60 	ld	hl, #___str_2
   0014 E3            [19]   61 	ex	(sp),hl
   0015 CDr00r00      [17]   62 	call	_printf
                             63 ;src/main.c:15: printf("\r\n");
   0018 21r63r00      [10]   64 	ld	hl, #___str_1
   001B E3            [19]   65 	ex	(sp),hl
   001C CDr00r00      [17]   66 	call	_printf
                             67 ;src/main.c:16: printf("Juego hecho por David Ventas \r\n");
   001F 21r7Er00      [10]   68 	ld	hl, #___str_3
   0022 E3            [19]   69 	ex	(sp),hl
   0023 CDr00r00      [17]   70 	call	_printf
                             71 ;src/main.c:17: printf("\r\n");
   0026 21r63r00      [10]   72 	ld	hl, #___str_1
   0029 E3            [19]   73 	ex	(sp),hl
   002A CDr00r00      [17]   74 	call	_printf
   002D F1            [10]   75 	pop	af
                             76 ;src/main.c:20: while (i < 10) {
   002E 4F            [ 4]   77 	ld	c,a
   002F 47            [ 4]   78 	ld	b,a
   0030                      79 00101$:
   0030 79            [ 4]   80 	ld	a, c
   0031 D6 0A         [ 7]   81 	sub	a, #0x0a
   0033 78            [ 4]   82 	ld	a, b
   0034 17            [ 4]   83 	rla
   0035 3F            [ 4]   84 	ccf
   0036 1F            [ 4]   85 	rra
   0037 DE 80         [ 7]   86 	sbc	a, #0x80
   0039 30 13         [12]   87 	jr	NC,00103$
                             88 ;src/main.c:21: printf(i);
   003B 59            [ 4]   89 	ld	e, c
   003C 50            [ 4]   90 	ld	d, b
   003D C5            [11]   91 	push	bc
   003E D5            [11]   92 	push	de
   003F CDr00r00      [17]   93 	call	_printf
   0042 21r63r00      [10]   94 	ld	hl, #___str_1
   0045 E3            [19]   95 	ex	(sp),hl
   0046 CDr00r00      [17]   96 	call	_printf
   0049 F1            [10]   97 	pop	af
   004A C1            [10]   98 	pop	bc
                             99 ;src/main.c:23: i++;
   004B 03            [ 6]  100 	inc	bc
   004C 18 E2         [12]  101 	jr	00101$
   004E                     102 00103$:
                            103 ;src/main.c:27: printf("GAME START\r\n");
   004E 21r9Er00      [10]  104 	ld	hl, #___str_4
   0051 E5            [11]  105 	push	hl
   0052 CDr00r00      [17]  106 	call	_printf
   0055 F1            [10]  107 	pop	af
                            108 ;src/main.c:32: while (1);
   0056                     109 00105$:
   0056 18 FE         [12]  110 	jr	00105$
   0058                     111 ___str_0:
   0058 52 50 47 20 47 41   112 	.ascii "RPG GAME"
        4D 45
   0060 0D                  113 	.db 0x0d
   0061 0A                  114 	.db 0x0a
   0062 00                  115 	.db 0x00
   0063                     116 ___str_1:
   0063 0D                  117 	.db 0x0d
   0064 0A                  118 	.db 0x0a
   0065 00                  119 	.db 0x00
   0066                     120 ___str_2:
   0066 50 52 45 53 53 20   121 	.ascii "PRESS ENTER TO START "
        45 4E 54 45 52 20
        54 4F 20 53 54 41
        52 54 20
   007B 0D                  122 	.db 0x0d
   007C 0A                  123 	.db 0x0a
   007D 00                  124 	.db 0x00
   007E                     125 ___str_3:
   007E 4A 75 65 67 6F 20   126 	.ascii "Juego hecho por David Ventas "
        68 65 63 68 6F 20
        70 6F 72 20 44 61
        76 69 64 20 56 65
        6E 74 61 73 20
   009B 0D                  127 	.db 0x0d
   009C 0A                  128 	.db 0x0a
   009D 00                  129 	.db 0x00
   009E                     130 ___str_4:
   009E 47 41 4D 45 20 53   131 	.ascii "GAME START"
        54 41 52 54
   00A8 0D                  132 	.db 0x0d
   00A9 0A                  133 	.db 0x0a
   00AA 00                  134 	.db 0x00
                            135 	.area _CODE
                            136 	.area _INITIALIZER
                            137 	.area _CABS (ABS)
